<?xml version="1.0" encoding="UTF-8" ?>
<testsuite failures="0" time="0.168" errors="0" skipped="0" tests="1" name="no.hamre.sykkel.HomeControllerTest">
  <properties>
    <property name="java.runtime.name" value="Java(TM) SE Runtime Environment"/>
    <property name="sun.boot.library.path" value="/usr/lib/jvm/java-6-sun-1.6.0.21/jre/lib/i386"/>
    <property name="java.vm.version" value="17.0-b16"/>
    <property name="java.vm.vendor" value="Sun Microsystems Inc."/>
    <property name="java.vendor.url" value="http://java.sun.com/"/>
    <property name="path.separator" value=":"/>
    <property name="java.vm.name" value="Java HotSpot(TM) Client VM"/>
    <property name="file.encoding.pkg" value="sun.io"/>
    <property name="user.country" value="US"/>
    <property name="sun.java.launcher" value="SUN_STANDARD"/>
    <property name="sun.os.patch.level" value="unknown"/>
    <property name="java.vm.specification.name" value="Java Virtual Machine Specification"/>
    <property name="user.dir" value="/home/user/work/git/sykkel"/>
    <property name="java.runtime.version" value="1.6.0_21-b06"/>
    <property name="java.awt.graphicsenv" value="sun.awt.X11GraphicsEnvironment"/>
    <property name="basedir" value="/home/user/work/git/sykkel"/>
    <property name="java.endorsed.dirs" value="/usr/lib/jvm/java-6-sun-1.6.0.21/jre/lib/endorsed"/>
    <property name="os.arch" value="i386"/>
    <property name="surefire.real.class.path" value="/tmp/surefirebooter7485572263804542002.jar"/>
    <property name="java.io.tmpdir" value="/tmp"/>
    <property name="line.separator" value="
"/>
    <property name="java.vm.specification.vendor" value="Sun Microsystems Inc."/>
    <property name="os.name" value="Linux"/>
    <property name="sun.jnu.encoding" value="UTF-8"/>
    <property name="java.library.path" value="/usr/lib/jvm/java-6-sun-1.6.0.21/jre/lib/i386/client:/usr/lib/jvm/java-6-sun-1.6.0.21/jre/lib/i386:/usr/lib/jvm/java-6-sun-1.6.0.21/jre/../lib/i386:/usr/java/packages/lib/i386:/lib:/usr/lib"/>
    <property name="surefire.test.class.path" value="/home/user/work/git/sykkel/target/test-classes:/home/user/work/git/sykkel/target/classes:/usr/share/maven-repo/javax/validation/validation-api/1.0.0.GA/validation-api-1.0.0.GA.jar:/usr/share/maven-repo/org/hibernate/hibernate-validator/4.0.0.GA/hibernate-validator-4.0.0.GA.jar:/usr/share/maven-repo/org/slf4j/slf4j-api/1.5.10/slf4j-api-1.5.10.jar:/usr/share/maven-repo/javax/xml/bind/jaxb-api/2.1/jaxb-api-2.1.jar:/usr/share/maven-repo/javax/xml/stream/stax-api/1.0-2/stax-api-1.0-2.jar:/usr/share/maven-repo/javax/activation/activation/1.1/activation-1.1.jar:/usr/share/maven-repo/com/sun/xml/bind/jaxb-impl/2.1.3/jaxb-impl-2.1.3.jar:/usr/share/maven-repo/org/hibernate/hibernate-entitymanager/3.6.0.Final/hibernate-entitymanager-3.6.0.Final.jar:/usr/share/maven-repo/org/hibernate/hibernate-core/3.6.0.Final/hibernate-core-3.6.0.Final.jar:/usr/share/maven-repo/antlr/antlr/2.7.6/antlr-2.7.6.jar:/usr/share/maven-repo/commons-collections/commons-collections/3.1/commons-collections-3.1.jar:/usr/share/maven-repo/dom4j/dom4j/1.6.1/dom4j-1.6.1.jar:/usr/share/maven-repo/org/hibernate/hibernate-commons-annotations/3.2.0.Final/hibernate-commons-annotations-3.2.0.Final.jar:/usr/share/maven-repo/org/hibernate/javax/persistence/hibernate-jpa-2.0-api/1.0.0.Final/hibernate-jpa-2.0-api-1.0.0.Final.jar:/usr/share/maven-repo/javax/transaction/jta/1.1/jta-1.1.jar:/usr/share/maven-repo/cglib/cglib/2.2/cglib-2.2.jar:/usr/share/maven-repo/asm/asm/3.1/asm-3.1.jar:/usr/share/maven-repo/javassist/javassist/3.12.0.GA/javassist-3.12.0.GA.jar:/usr/share/maven-repo/hsqldb/hsqldb/1.8.0.10/hsqldb-1.8.0.10.jar:/usr/share/maven-repo/org/springframework/spring-context/3.0.5.RELEASE/spring-context-3.0.5.RELEASE.jar:/usr/share/maven-repo/org/springframework/spring-aop/3.0.5.RELEASE/spring-aop-3.0.5.RELEASE.jar:/usr/share/maven-repo/aopalliance/aopalliance/1.0/aopalliance-1.0.jar:/usr/share/maven-repo/org/springframework/spring-asm/3.0.5.RELEASE/spring-asm-3.0.5.RELEASE.jar:/usr/share/maven-repo/org/springframework/spring-beans/3.0.5.RELEASE/spring-beans-3.0.5.RELEASE.jar:/usr/share/maven-repo/org/springframework/spring-core/3.0.5.RELEASE/spring-core-3.0.5.RELEASE.jar:/usr/share/maven-repo/org/springframework/spring-expression/3.0.5.RELEASE/spring-expression-3.0.5.RELEASE.jar:/usr/share/maven-repo/org/springframework/spring-webmvc/3.0.5.RELEASE/spring-webmvc-3.0.5.RELEASE.jar:/usr/share/maven-repo/org/springframework/spring-context-support/3.0.5.RELEASE/spring-context-support-3.0.5.RELEASE.jar:/usr/share/maven-repo/org/springframework/spring-web/3.0.5.RELEASE/spring-web-3.0.5.RELEASE.jar:/usr/share/maven-repo/org/springframework/spring-orm/3.0.5.RELEASE/spring-orm-3.0.5.RELEASE.jar:/usr/share/maven-repo/org/springframework/spring-jdbc/3.0.5.RELEASE/spring-jdbc-3.0.5.RELEASE.jar:/usr/share/maven-repo/org/springframework/spring-tx/3.0.5.RELEASE/spring-tx-3.0.5.RELEASE.jar:/usr/share/maven-repo/org/springframework/spring-test/3.0.5.RELEASE/spring-test-3.0.5.RELEASE.jar:/usr/share/maven-repo/commons-logging/commons-logging/1.1.1/commons-logging-1.1.1.jar:/usr/share/maven-repo/org/springframework/security/spring-security-core/3.0.5.RELEASE/spring-security-core-3.0.5.RELEASE.jar:/usr/share/maven-repo/org/aspectj/aspectjrt/1.6.8/aspectjrt-1.6.8.jar:/usr/share/maven-repo/org/aspectj/aspectjweaver/1.6.8/aspectjweaver-1.6.8.jar:/usr/share/maven-repo/commons-dbcp/commons-dbcp/20030825.184428/commons-dbcp-20030825.184428.jar:/usr/share/maven-repo/commons-pool/commons-pool/20030825.183949/commons-pool-20030825.183949.jar:/usr/share/maven-repo/taglibs/standard/1.1.2/standard-1.1.2.jar:/usr/share/maven-repo/junit/junit/4.8.2/junit-4.8.2.jar:/usr/share/maven-repo/org/hamcrest/hamcrest-core/debian/hamcrest-core-debian.jar:/usr/share/maven-repo/org/mockito/mockito-core/1.8.4/mockito-core-1.8.4.jar:/usr/share/maven-repo/org/objenesis/objenesis/1.0/objenesis-1.0.jar:/usr/share/maven-repo/org/slf4j/jcl-over-slf4j/1.5.10/jcl-over-slf4j-1.5.10.jar:/usr/share/maven-repo/org/slf4j/slf4j-log4j12/1.5.10/slf4j-log4j12-1.5.10.jar:/usr/share/maven-repo/log4j/log4j/1.2.15/log4j-1.2.15.jar:"/>
    <property name="java.specification.name" value="Java Platform API Specification"/>
    <property name="java.class.version" value="50.0"/>
    <property name="sun.management.compiler" value="HotSpot Client Compiler"/>
    <property name="os.version" value="2.6.35-22-generic"/>
    <property name="user.home" value="/home/user"/>
    <property name="user.timezone" value=""/>
    <property name="java.awt.printerjob" value="sun.print.PSPrinterJob"/>
    <property name="file.encoding" value="UTF-8"/>
    <property name="java.specification.version" value="1.6"/>
    <property name="user.name" value="user"/>
    <property name="java.class.path" value="/home/user/work/git/sykkel/target/test-classes:/home/user/work/git/sykkel/target/classes:/usr/share/maven-repo/javax/validation/validation-api/1.0.0.GA/validation-api-1.0.0.GA.jar:/usr/share/maven-repo/org/hibernate/hibernate-validator/4.0.0.GA/hibernate-validator-4.0.0.GA.jar:/usr/share/maven-repo/org/slf4j/slf4j-api/1.5.10/slf4j-api-1.5.10.jar:/usr/share/maven-repo/javax/xml/bind/jaxb-api/2.1/jaxb-api-2.1.jar:/usr/share/maven-repo/javax/xml/stream/stax-api/1.0-2/stax-api-1.0-2.jar:/usr/share/maven-repo/javax/activation/activation/1.1/activation-1.1.jar:/usr/share/maven-repo/com/sun/xml/bind/jaxb-impl/2.1.3/jaxb-impl-2.1.3.jar:/usr/share/maven-repo/org/hibernate/hibernate-entitymanager/3.6.0.Final/hibernate-entitymanager-3.6.0.Final.jar:/usr/share/maven-repo/org/hibernate/hibernate-core/3.6.0.Final/hibernate-core-3.6.0.Final.jar:/usr/share/maven-repo/antlr/antlr/2.7.6/antlr-2.7.6.jar:/usr/share/maven-repo/commons-collections/commons-collections/3.1/commons-collections-3.1.jar:/usr/share/maven-repo/dom4j/dom4j/1.6.1/dom4j-1.6.1.jar:/usr/share/maven-repo/org/hibernate/hibernate-commons-annotations/3.2.0.Final/hibernate-commons-annotations-3.2.0.Final.jar:/usr/share/maven-repo/org/hibernate/javax/persistence/hibernate-jpa-2.0-api/1.0.0.Final/hibernate-jpa-2.0-api-1.0.0.Final.jar:/usr/share/maven-repo/javax/transaction/jta/1.1/jta-1.1.jar:/usr/share/maven-repo/cglib/cglib/2.2/cglib-2.2.jar:/usr/share/maven-repo/asm/asm/3.1/asm-3.1.jar:/usr/share/maven-repo/javassist/javassist/3.12.0.GA/javassist-3.12.0.GA.jar:/usr/share/maven-repo/hsqldb/hsqldb/1.8.0.10/hsqldb-1.8.0.10.jar:/usr/share/maven-repo/org/springframework/spring-context/3.0.5.RELEASE/spring-context-3.0.5.RELEASE.jar:/usr/share/maven-repo/org/springframework/spring-aop/3.0.5.RELEASE/spring-aop-3.0.5.RELEASE.jar:/usr/share/maven-repo/aopalliance/aopalliance/1.0/aopalliance-1.0.jar:/usr/share/maven-repo/org/springframework/spring-asm/3.0.5.RELEASE/spring-asm-3.0.5.RELEASE.jar:/usr/share/maven-repo/org/springframework/spring-beans/3.0.5.RELEASE/spring-beans-3.0.5.RELEASE.jar:/usr/share/maven-repo/org/springframework/spring-core/3.0.5.RELEASE/spring-core-3.0.5.RELEASE.jar:/usr/share/maven-repo/org/springframework/spring-expression/3.0.5.RELEASE/spring-expression-3.0.5.RELEASE.jar:/usr/share/maven-repo/org/springframework/spring-webmvc/3.0.5.RELEASE/spring-webmvc-3.0.5.RELEASE.jar:/usr/share/maven-repo/org/springframework/spring-context-support/3.0.5.RELEASE/spring-context-support-3.0.5.RELEASE.jar:/usr/share/maven-repo/org/springframework/spring-web/3.0.5.RELEASE/spring-web-3.0.5.RELEASE.jar:/usr/share/maven-repo/org/springframework/spring-orm/3.0.5.RELEASE/spring-orm-3.0.5.RELEASE.jar:/usr/share/maven-repo/org/springframework/spring-jdbc/3.0.5.RELEASE/spring-jdbc-3.0.5.RELEASE.jar:/usr/share/maven-repo/org/springframework/spring-tx/3.0.5.RELEASE/spring-tx-3.0.5.RELEASE.jar:/usr/share/maven-repo/org/springframework/spring-test/3.0.5.RELEASE/spring-test-3.0.5.RELEASE.jar:/usr/share/maven-repo/commons-logging/commons-logging/1.1.1/commons-logging-1.1.1.jar:/usr/share/maven-repo/org/springframework/security/spring-security-core/3.0.5.RELEASE/spring-security-core-3.0.5.RELEASE.jar:/usr/share/maven-repo/org/aspectj/aspectjrt/1.6.8/aspectjrt-1.6.8.jar:/usr/share/maven-repo/org/aspectj/aspectjweaver/1.6.8/aspectjweaver-1.6.8.jar:/usr/share/maven-repo/commons-dbcp/commons-dbcp/20030825.184428/commons-dbcp-20030825.184428.jar:/usr/share/maven-repo/commons-pool/commons-pool/20030825.183949/commons-pool-20030825.183949.jar:/usr/share/maven-repo/taglibs/standard/1.1.2/standard-1.1.2.jar:/usr/share/maven-repo/junit/junit/4.8.2/junit-4.8.2.jar:/usr/share/maven-repo/org/hamcrest/hamcrest-core/debian/hamcrest-core-debian.jar:/usr/share/maven-repo/org/mockito/mockito-core/1.8.4/mockito-core-1.8.4.jar:/usr/share/maven-repo/org/objenesis/objenesis/1.0/objenesis-1.0.jar:/usr/share/maven-repo/org/slf4j/jcl-over-slf4j/1.5.10/jcl-over-slf4j-1.5.10.jar:/usr/share/maven-repo/org/slf4j/slf4j-log4j12/1.5.10/slf4j-log4j12-1.5.10.jar:/usr/share/maven-repo/log4j/log4j/1.2.15/log4j-1.2.15.jar:"/>
    <property name="java.vm.specification.version" value="1.0"/>
    <property name="sun.arch.data.model" value="32"/>
    <property name="java.home" value="/usr/lib/jvm/java-6-sun-1.6.0.21/jre"/>
    <property name="java.specification.vendor" value="Sun Microsystems Inc."/>
    <property name="user.language" value="en"/>
    <property name="java.vm.info" value="mixed mode, sharing"/>
    <property name="java.version" value="1.6.0_21"/>
    <property name="java.ext.dirs" value="/usr/lib/jvm/java-6-sun-1.6.0.21/jre/lib/ext:/usr/java/packages/lib/ext"/>
    <property name="sun.boot.class.path" value="/usr/lib/jvm/java-6-sun-1.6.0.21/jre/lib/resources.jar:/usr/lib/jvm/java-6-sun-1.6.0.21/jre/lib/rt.jar:/usr/lib/jvm/java-6-sun-1.6.0.21/jre/lib/sunrsasign.jar:/usr/lib/jvm/java-6-sun-1.6.0.21/jre/lib/jsse.jar:/usr/lib/jvm/java-6-sun-1.6.0.21/jre/lib/jce.jar:/usr/lib/jvm/java-6-sun-1.6.0.21/jre/lib/charsets.jar:/usr/lib/jvm/java-6-sun-1.6.0.21/jre/classes"/>
    <property name="java.vendor" value="Sun Microsystems Inc."/>
    <property name="localRepository" value="/usr/share/maven-repo"/>
    <property name="file.separator" value="/"/>
    <property name="java.vendor.url.bug" value="http://java.sun.com/cgi-bin/bugreport.cgi"/>
    <property name="sun.cpu.endian" value="little"/>
    <property name="sun.io.unicode.encoding" value="UnicodeLittle"/>
    <property name="sun.desktop" value="gnome"/>
    <property name="sun.cpu.isalist" value=""/>
  </properties>
  <testcase time="0.155" classname="no.hamre.sykkel.HomeControllerTest" name="testController"/>
</testsuite>